<?xml version="1.0" encoding="UTF-8"?>
<!-- Generated by org.testng.reporters.JUnitReportReporter -->
<testsuite hostname="Abinash" failures="0" tests="3" name="vTigerCRMappPratice.DataProviderParallel" time="35.787" errors="0" timestamp="2023-01-24T12:54:30 IST" skipped="0">
  <testcase classname="vTigerCRMappPratice.DataProviderParallel" name="login" time="12.686"/>
  <system-out/>
  <testcase classname="vTigerCRMappPratice.DataProviderParallel" name="login" time="11.271"/>
  <system-out/>
  <testcase classname="vTigerCRMappPratice.DataProviderParallel" name="login" time="11.830"/>
  <system-out/>
</testsuite> <!-- vTigerCRMappPratice.DataProviderParallel -->
