<?xml version="1.0" encoding="UTF-8"?>
<!-- Generated by org.testng.reporters.JUnitReportReporter -->
<testsuite hostname="Abinash" failures="0" tests="1" name="organizations.CreateOrganization" time="12.603" errors="0" timestamp="2024-03-03T20:08:03 IST" skipped="0">
  <testcase classname="organizations.CreateOrganization" name="createOrganizaion" time="12.603"/>
</testsuite> <!-- organizations.CreateOrganization -->
