<?xml version="1.0" encoding="UTF-8"?>
<!-- Generated by org.testng.reporters.JUnitReportReporter -->
<testsuite hostname="Abinash" failures="0" tests="1" name="products.CreateProduct" time="10.139" errors="0" timestamp="2023-02-05T17:46:28 IST" skipped="0">
  <testcase classname="products.CreateProduct" name="createProduct" time="10.139"/>
  <system-out/>
</testsuite> <!-- products.CreateProduct -->
