<?xml version="1.0" encoding="UTF-8"?>
<!-- Generated by org.testng.reporters.JUnitReportReporter -->
<testsuite hostname="Abinash" failures="0" tests="3" name="TestNG_Concepts.TestNG_ExecutionOrder" time="0.018" errors="0" timestamp="2023-01-20T20:10:58 IST" skipped="0">
  <testcase classname="TestNG_Concepts.TestNG_ExecutionOrder" name="c" time="0.001"/>
  <system-out/>
  <testcase classname="TestNG_Concepts.TestNG_ExecutionOrder" name="b" time="0.005"/>
  <system-out/>
  <testcase classname="TestNG_Concepts.TestNG_ExecutionOrder" name="a" time="0.012"/>
  <system-out/>
</testsuite> <!-- TestNG_Concepts.TestNG_ExecutionOrder -->
