<?xml version="1.0" encoding="UTF-8"?>
<!-- Generated by org.testng.reporters.JUnitReportReporter -->
<testsuite hostname="Abinash" failures="0" tests="1" name="campaigns.CreateCampaign" time="9.791" errors="0" timestamp="2023-02-05T17:46:28 IST" skipped="0">
  <testcase classname="campaigns.CreateCampaign" name="createCampaign" time="9.791"/>
  <system-out/>
</testsuite> <!-- campaigns.CreateCampaign -->
