<?xml version="1.0" encoding="UTF-8"?>
<!-- Generated by org.testng.reporters.JUnitReportReporter -->
<testsuite hostname="Abinash" failures="0" tests="4" name="TestNG_Concepts.InvocationCount_oneMethodMultipleTime" time="0.030" errors="0" timestamp="2023-01-20T20:35:20 IST" skipped="0">
  <testcase classname="TestNG_Concepts.InvocationCount_oneMethodMultipleTime" name="createTest" time="0.014"/>
  <system-out/>
  <testcase classname="TestNG_Concepts.InvocationCount_oneMethodMultipleTime" name="createTest" time="0.008"/>
  <system-out/>
  <testcase classname="TestNG_Concepts.InvocationCount_oneMethodMultipleTime" name="updateTest" time="0.006"/>
  <system-out/>
  <testcase classname="TestNG_Concepts.InvocationCount_oneMethodMultipleTime" name="modifyTest" time="0.002"/>
  <system-out/>
</testsuite> <!-- TestNG_Concepts.InvocationCount_oneMethodMultipleTime -->
