<?xml version="1.0" encoding="UTF-8"?>
<!-- Generated by org.testng.reporters.JUnitReportReporter -->
<testsuite hostname="Abinash" failures="0" tests="2" name="TestNG_Concepts.TestNG_Intro" time="0.018" errors="0" timestamp="2023-01-20T20:08:00 IST" skipped="0">
  <testcase classname="TestNG_Concepts.TestNG_Intro" name="m2" time="0.008"/>
  <system-out/>
  <testcase classname="TestNG_Concepts.TestNG_Intro" name="m1" time="0.010"/>
  <system-out/>
</testsuite> <!-- TestNG_Concepts.TestNG_Intro -->
