<?xml version="1.0" encoding="UTF-8"?>
<!-- Generated by org.testng.reporters.JUnitReportReporter -->
<testsuite hostname="Abinash" failures="0" tests="3" name="TestNG_Concepts.Priority_orderofExecution" time="0.018" errors="0" timestamp="2023-01-20T20:18:24 IST" skipped="0">
  <testcase classname="TestNG_Concepts.Priority_orderofExecution" name="createTest" time="0.014"/>
  <system-out/>
  <testcase classname="TestNG_Concepts.Priority_orderofExecution" name="updateTest" time="0.002"/>
  <system-out/>
  <testcase classname="TestNG_Concepts.Priority_orderofExecution" name="modifyTest" time="0.002"/>
  <system-out/>
</testsuite> <!-- TestNG_Concepts.Priority_orderofExecution -->
