<?xml version="1.0" encoding="UTF-8"?>
<!-- Generated by org.testng.reporters.JUnitReportReporter -->
<testsuite hostname="Abinash" failures="0" tests="1" name="campaigns.CreateCampWithProduct" time="16.892" errors="0" timestamp="2024-03-03T20:08:03 IST" skipped="0">
  <testcase classname="campaigns.CreateCampWithProduct" name="createCampWithProduct" time="16.892"/>
</testsuite> <!-- campaigns.CreateCampWithProduct -->
