<?xml version="1.0" encoding="UTF-8"?>
<!-- Generated by org.testng.reporters.JUnitReportReporter -->
<testsuite hostname="Abinash" failures="0" tests="2" name="vTigerCRMappPratice.DummyClass" time="0.015" errors="0" timestamp="2023-01-20T19:51:39 IST" skipped="0">
  <testcase classname="vTigerCRMappPratice.DummyClass" name="m1" time="0.013"/>
  <system-out/>
  <testcase classname="vTigerCRMappPratice.DummyClass" name="m2" time="0.002"/>
  <system-out/>
</testsuite> <!-- vTigerCRMappPratice.DummyClass -->
