<?xml version="1.0" encoding="UTF-8"?>
<!-- Generated by org.testng.reporters.JUnitReportReporter -->
<testsuite hostname="Abinash" failures="0" tests="1" name="campaigns.CreateCampWithProduct" time="16.810" errors="0" timestamp="2023-02-05T17:46:28 IST" skipped="0">
  <testcase classname="campaigns.CreateCampWithProduct" name="createCampWithProduct" time="16.810"/>
  <system-out/>
</testsuite> <!-- campaigns.CreateCampWithProduct -->
