<?xml version="1.0" encoding="UTF-8"?>
<!-- Generated by org.testng.reporters.JUnitReportReporter -->
<testsuite hostname="Abinash" failures="0" tests="1" name="products.CreateProduct" time="10.243" errors="0" timestamp="2024-03-03T20:08:03 IST" skipped="0">
  <testcase classname="products.CreateProduct" name="createProduct" time="10.243"/>
</testsuite> <!-- products.CreateProduct -->
